# JRE version: OpenJDK Runtime Environment 18.9 (11.0.13+8) (build 11.0.13+8)
# Java VM: OpenJDK 64-Bit Server VM 18.9 (11.0.13+8, mixed mode, tiered, compressed oops, g1 gc, windows-amd64)
Heap:
 garbage-first heap   total 143360K, used 54784K [0x00000000a0c00000, 0x0000000100000000)
  region size 1024K, 5 young (5120K), 5 survivors (5120K)
 Metaspace       used 55892K, capacity 56531K, committed 56576K, reserved 1099776K
  class space    used 6161K, capacity 6390K, committed 6400K, reserved 1048576K
GC Heap History (17 events):
Event: 0.942 GC heap before
{Heap before GC invocations=0 (full 0):
 garbage-first heap   total 98304K, used 18432K [0x00000000a0c00000, 0x0000000100000000)
  region size 1024K, 14 young (14336K), 0 survivors (0K)
 Metaspace       used 9773K, capacity 9839K, committed 10112K, reserved 1058816K
  class space    used 815K, capacity 852K, committed 896K, reserved 1048576K
}
Event: 0.948 GC heap after
{Heap after GC invocations=1 (full 0):
 garbage-first heap   total 98304K, used 5384K [0x00000000a0c00000, 0x0000000100000000)
  region size 1024K, 2 young (2048K), 2 survivors (2048K)
 Metaspace       used 9773K, capacity 9839K, committed 10112K, reserved 1058816K
  class space    used 815K, capacity 852K, committed 896K, reserved 1048576K
}
Event: 2.298 GC heap before
{Heap before GC invocations=1 (full 0):
 garbage-first heap   total 98304K, used 52488K [0x00000000a0c00000, 0x0000000100000000)
  region size 1024K, 49 young (50176K), 2 survivors (2048K)
 Metaspace       used 21085K, capacity 21230K, committed 21248K, reserved 1069056K
  class space    used 2213K, capacity 2286K, committed 2304K, reserved 1048576K
}
Event: 2.315 GC heap after
{Heap after GC invocations=2 (full 0):
 garbage-first heap   total 98304K, used 9399K [0x00000000a0c00000, 0x0000000100000000)
  region size 1024K, 6 young (6144K), 6 survivors (6144K)
 Metaspace       used 21085K, capacity 21230K, committed 21248K, reserved 1069056K
  class space    used 2213K, capacity 2286K, committed 2304K, reserved 1048576K
}
Event: 3.915 GC heap before
{Heap before GC invocations=3 (full 0):
 garbage-first heap   total 98304K, used 69815K [0x00000000a0c00000, 0x0000000100000000)
  region size 1024K, 53 young (54272K), 6 survivors (6144K)
 Metaspace       used 30846K, capacity 31309K, committed 31488K, reserved 1077248K
  class space    used 3594K, capacity 3760K, committed 3840K, reserved 1048576K
}
Event: 3.941 GC heap after
{Heap after GC invocations=4 (full 0):
 garbage-first heap   total 98304K, used 23790K [0x00000000a0c00000, 0x0000000100000000)
  region size 1024K, 6 young (6144K), 6 survivors (6144K)
 Metaspace       used 30846K, capacity 31309K, committed 31488K, reserved 1077248K
  class space    used 3594K, capacity 3760K, committed 3840K, reserved 1048576K
}
Event: 4.638 GC heap before
{Heap before GC invocations=4 (full 0):
 garbage-first heap   total 98304K, used 44270K [0x00000000a0c00000, 0x0000000100000000)
  region size 1024K, 27 young (27648K), 6 survivors (6144K)
 Metaspace       used 35219K, capacity 35659K, committed 35840K, reserved 1081344K
  class space    used 4073K, capacity 4250K, committed 4352K, reserved 1048576K
}
Event: 4.653 GC heap after
{Heap after GC invocations=5 (full 0):
 garbage-first heap   total 98304K, used 24064K [0x00000000a0c00000, 0x0000000100000000)
  region size 1024K, 3 young (3072K), 3 survivors (3072K)
 Metaspace       used 35219K, capacity 35659K, committed 35840K, reserved 1081344K
  class space    used 4073K, capacity 4250K, committed 4352K, reserved 1048576K
}
Event: 5.686 GC heap before
{Heap before GC invocations=6 (full 0):
 garbage-first heap   total 98304K, used 60928K [0x00000000a0c00000, 0x0000000100000000)
  region size 1024K, 39 young (39936K), 3 survivors (3072K)
 Metaspace       used 42912K, capacity 43394K, committed 43648K, reserved 1087488K
  class space    used 4977K, capacity 5154K, committed 5248K, reserved 1048576K
}
Event: 5.699 GC heap after
{Heap after GC invocations=7 (full 0):
 garbage-first heap   total 118784K, used 27646K [0x00000000a0c00000, 0x0000000100000000)
  region size 1024K, 5 young (5120K), 5 survivors (5120K)
 Metaspace       used 42912K, capacity 43394K, committed 43648K, reserved 1087488K
  class space    used 4977K, capacity 5154K, committed 5248K, reserved 1048576K
}
Event: 6.988 GC heap before
{Heap before GC invocations=7 (full 0):
 garbage-first heap   total 118784K, used 76798K [0x00000000a0c00000, 0x0000000100000000)
  region size 1024K, 51 young (52224K), 5 survivors (5120K)
 Metaspace       used 50984K, capacity 51595K, committed 51712K, reserved 1095680K
  class space    used 5830K, capacity 6060K, committed 6144K, reserved 1048576K
}
Event: 7.015 GC heap after
{Heap after GC invocations=8 (full 0):
 garbage-first heap   total 118784K, used 36854K [0x00000000a0c00000, 0x0000000100000000)
  region size 1024K, 7 young (7168K), 7 survivors (7168K)
 Metaspace       used 50984K, capacity 51595K, committed 51712K, reserved 1095680K
  class space    used 5830K, capacity 6060K, committed 6144K, reserved 1048576K
}
Event: 7.907 GC heap before
{Heap before GC invocations=8 (full 0):
 garbage-first heap   total 118784K, used 80886K [0x00000000a0c00000, 0x0000000100000000)
  region size 1024K, 49 young (50176K), 7 survivors (7168K)
 Metaspace       used 52153K, capacity 52787K, committed 52992K, reserved 1095680K
  class space    used 5876K, capacity 6106K, committed 6144K, reserved 1048576K
}
Event: 7.938 GC heap after
{Heap after GC invocations=9 (full 0):
 garbage-first heap   total 118784K, used 41984K [0x00000000a0c00000, 0x0000000100000000)
  region size 1024K, 5 young (5120K), 5 survivors (5120K)
 Metaspace       used 52153K, capacity 52787K, committed 52992K, reserved 1095680K
  class space    used 5876K, capacity 6106K, committed 6144K, reserved 1048576K
}
Event: 9.697 GC heap before
{Heap before GC invocations=9 (full 0):
 garbage-first heap   total 118784K, used 83968K [0x00000000a0c00000, 0x0000000100000000)
  region size 1024K, 46 young (47104K), 5 survivors (5120K)
 Metaspace       used 54825K, capacity 55469K, committed 55808K, reserved 1099776K
  class space    used 6083K, capacity 6313K, committed 6400K, reserved 1048576K
}
Event: 9.726 GC heap after
{Heap after GC invocations=10 (full 0):
 garbage-first heap   total 118784K, used 49152K [0x00000000a0c00000, 0x0000000100000000)
  region size 1024K, 6 young (6144K), 6 survivors (6144K)
 Metaspace       used 54825K, capacity 55469K, committed 55808K, reserved 1099776K
  class space    used 6083K, capacity 6313K, committed 6400K, reserved 1048576K
}
Event: 10.681 GC heap before
{Heap before GC invocations=10 (full 0):
 garbage-first heap   total 118784K, used 87040K [0x00000000a0c00000, 0x0000000100000000)
  region size 1024K, 43 young (44032K), 6 survivors (6144K)
 Metaspace       used 55892K, capacity 56531K, committed 56576K, reserved 1099776K
  class space    used 6161K, capacity 6390K, committed 6400K, reserved 1048576K
}

